This is XeTeX, Version 3.141592653-2.6-0.999993 (TeX Live 2021) (preloaded format=xelatex 2021.7.10)  11 JUL 2021 22:44
entering extended mode
 restricted \write18 enabled.
 %&-line parsing enabled.
**Manifest_der_Kommunistischen_Partei.tex
(./Manifest_der_Kommunistischen_Partei.tex
LaTeX2e <2020-10-01> patch level 4
L3 programming layer <2021-02-18>
(/usr/local/texlive/2021/texmf-dist/tex/latex/base/article.cls
Document Class: article 2020/04/10 v1.4m Standard LaTeX document class
(/usr/local/texlive/2021/texmf-dist/tex/latex/base/size10.clo
File: size10.clo 2020/04/10 v1.4m Standard LaTeX file (size option)
)
\c@part=\count175
\c@section=\count176
\c@subsection=\count177
\c@subsubsection=\count178
\c@paragraph=\count179
\c@subparagraph=\count180
\c@figure=\count181
\c@table=\count182
\abovecaptionskip=\skip47
\belowcaptionskip=\skip48
\bibindent=\dimen138
)
(/usr/local/texlive/2021/texmf-dist/tex/latex/endnotes/endnotes.sty
Invalid UTF-8 byte or sequence at line 118 replaced by U+FFFD.
Invalid UTF-8 byte or sequence at line 118 replaced by U+FFFD.
Invalid UTF-8 byte or sequence at line 121 replaced by U+FFFD.
Invalid UTF-8 byte or sequence at line 121 replaced by U+FFFD.
Package: endnotes 2020-01-02 endnotes package
\c@endnote=\count183
\endnotesep=\dimen139
\@enotes=\write3
)
(/usr/local/texlive/2021/texmf-dist/tex/latex/footmisc/footmisc.sty
Package: footmisc 2011/06/06 v5.5b a miscellany of footnote facilities
\FN@temptoken=\toks15
\footnotemargin=\dimen140
\c@pp@next@reset=\count184
Package footmisc Info: Declaring symbol style bringhurst on input line 855.
Package footmisc Info: Declaring symbol style chicago on input line 863.
Package footmisc Info: Declaring symbol style wiley on input line 872.
Package footmisc Info: Declaring symbol style lamport-robust on input line 883.

Package footmisc Info: Declaring symbol style lamport* on input line 903.
Package footmisc Info: Declaring symbol style lamport*-robust on input line 924
.
)
(/usr/local/texlive/2021/texmf-dist/tex/latex/changepage/changepage.sty
Package: changepage 2009/10/20 v1.0c check page and change page layout
\c@cp@cntr=\count185
\cp@tempcnt=\count186
)
(/usr/local/texlive/2021/texmf-dist/tex/latex/hyperref/hyperref.sty
Package: hyperref 2021-02-27 v7.00k Hypertext links for LaTeX

(/usr/local/texlive/2021/texmf-dist/tex/generic/ltxcmds/ltxcmds.sty
Package: ltxcmds 2020-05-10 v1.25 LaTeX kernel commands for general use (HO)
)
(/usr/local/texlive/2021/texmf-dist/tex/generic/iftex/iftex.sty
Package: iftex 2020/03/06 v1.0d TeX engine tests
)
(/usr/local/texlive/2021/texmf-dist/tex/generic/pdftexcmds/pdftexcmds.sty
Package: pdftexcmds 2020-06-27 v0.33 Utility functions of pdfTeX for LuaTeX (HO
)

(/usr/local/texlive/2021/texmf-dist/tex/generic/infwarerr/infwarerr.sty
Package: infwarerr 2019/12/03 v1.5 Providing info/warning/error messages (HO)
)
Package pdftexcmds Info: \pdf@primitive is available.
Package pdftexcmds Info: \pdf@ifprimitive is available.
Package pdftexcmds Info: \pdfdraftmode not found.
)
(/usr/local/texlive/2021/texmf-dist/tex/latex/graphics/keyval.sty
Package: keyval 2014/10/28 v1.15 key=value parser (DPC)
\KV@toks@=\toks16
)
(/usr/local/texlive/2021/texmf-dist/tex/generic/kvsetkeys/kvsetkeys.sty
Package: kvsetkeys 2019/12/15 v1.18 Key value parser (HO)
)
(/usr/local/texlive/2021/texmf-dist/tex/generic/kvdefinekeys/kvdefinekeys.sty
Package: kvdefinekeys 2019-12-19 v1.6 Define keys (HO)
)
(/usr/local/texlive/2021/texmf-dist/tex/generic/pdfescape/pdfescape.sty
Package: pdfescape 2019/12/09 v1.15 Implements pdfTeX's escape features (HO)
)
(/usr/local/texlive/2021/texmf-dist/tex/latex/hycolor/hycolor.sty
Package: hycolor 2020-01-27 v1.10 Color options for hyperref/bookmark (HO)
)
(/usr/local/texlive/2021/texmf-dist/tex/latex/letltxmacro/letltxmacro.sty
Package: letltxmacro 2019/12/03 v1.6 Let assignment for LaTeX macros (HO)
)
(/usr/local/texlive/2021/texmf-dist/tex/latex/auxhook/auxhook.sty
Package: auxhook 2019-12-17 v1.6 Hooks for auxiliary files (HO)
)
(/usr/local/texlive/2021/texmf-dist/tex/latex/kvoptions/kvoptions.sty
Package: kvoptions 2020-10-07 v3.14 Key value format for package options (HO)
)
\@linkdim=\dimen141
\Hy@linkcounter=\count187
\Hy@pagecounter=\count188

(/usr/local/texlive/2021/texmf-dist/tex/latex/hyperref/pd1enc.def
File: pd1enc.def 2021-02-27 v7.00k Hyperref: PDFDocEncoding definition (HO)
)
(/usr/local/texlive/2021/texmf-dist/tex/latex/hyperref/hyperref-langpatches.def
File: hyperref-langpatches.def 2021-02-27 v7.00k Hyperref: patches for babel la
nguages
) (/usr/local/texlive/2021/texmf-dist/tex/generic/intcalc/intcalc.sty
Package: intcalc 2019/12/15 v1.3 Expandable calculations with integers (HO)
)
(/usr/local/texlive/2021/texmf-dist/tex/generic/etexcmds/etexcmds.sty
Package: etexcmds 2019/12/15 v1.7 Avoid name clashes with e-TeX commands (HO)
)
\Hy@SavedSpaceFactor=\count189

(/usr/local/texlive/2021/texmf-dist/tex/latex/hyperref/puenc.def
File: puenc.def 2021-02-27 v7.00k Hyperref: PDF Unicode definition (HO)
)
Package hyperref Info: Hyper figures OFF on input line 4192.
Package hyperref Info: Link nesting OFF on input line 4197.
Package hyperref Info: Hyper index ON on input line 4200.
Package hyperref Info: Plain pages OFF on input line 4207.
Package hyperref Info: Backreferencing OFF on input line 4212.
Package hyperref Info: Implicit mode ON; LaTeX internals redefined.
Package hyperref Info: Bookmarks ON on input line 4445.
\c@Hy@tempcnt=\count190

(/usr/local/texlive/2021/texmf-dist/tex/latex/url/url.sty
\Urlmuskip=\muskip16
Package: url 2013/09/16  ver 3.4  Verb mode for urls, etc.
)
LaTeX Info: Redefining \url on input line 4804.
\XeTeXLinkMargin=\dimen142

(/usr/local/texlive/2021/texmf-dist/tex/generic/bitset/bitset.sty
Package: bitset 2019/12/09 v1.3 Handle bit-vector datatype (HO)

(/usr/local/texlive/2021/texmf-dist/tex/generic/bigintcalc/bigintcalc.sty
Package: bigintcalc 2019/12/15 v1.5 Expandable calculations on big integers (HO
)
))
\Fld@menulength=\count191
\Field@Width=\dimen143
\Fld@charsize=\dimen144
Package hyperref Info: Hyper figures OFF on input line 6075.
Package hyperref Info: Link nesting OFF on input line 6080.
Package hyperref Info: Hyper index ON on input line 6083.
Package hyperref Info: backreferencing OFF on input line 6090.
Package hyperref Info: Link coloring OFF on input line 6095.
Package hyperref Info: Link coloring with OCG OFF on input line 6100.
Package hyperref Info: PDF/A mode OFF on input line 6105.
LaTeX Info: Redefining \ref on input line 6145.
LaTeX Info: Redefining \pageref on input line 6149.

(/usr/local/texlive/2021/texmf-dist/tex/latex/base/atbegshi-ltx.sty
Package: atbegshi-ltx 2020/08/17 v1.0a Emulation of the original atbegshi packa
ge
with kernel methods
)
\Hy@abspage=\count192
\c@Item=\count193
\c@Hfootnote=\count194
)
Package hyperref Info: Driver (autodetected): hxetex.

(/usr/local/texlive/2021/texmf-dist/tex/latex/hyperref/hxetex.def
File: hxetex.def 2021-02-27 v7.00k Hyperref driver for XeTeX

(/usr/local/texlive/2021/texmf-dist/tex/generic/stringenc/stringenc.sty
Package: stringenc 2019/11/29 v1.12 Convert strings between diff. encodings (HO
)
)
\pdfm@box=\box47
\c@Hy@AnnotLevel=\count195
\HyField@AnnotCount=\count196
\Fld@listcount=\count197
\c@bookmark@seq@number=\count198

(/usr/local/texlive/2021/texmf-dist/tex/latex/rerunfilecheck/rerunfilecheck.sty
Package: rerunfilecheck 2019/12/05 v1.9 Rerun checks for auxiliary files (HO)
(/usr/local/texlive/2021/texmf-dist/tex/latex/base/atveryend-ltx.sty
Package: atveryend-ltx 2020/08/19 v1.0a Emulation of the original atvery packag
e
with kernel methods
)
(/usr/local/texlive/2021/texmf-dist/tex/generic/uniquecounter/uniquecounter.sty
Package: uniquecounter 2019/12/15 v1.4 Provide unlimited unique counter (HO)
)
Package uniquecounter Info: New unique counter `rerunfilecheck' on input line 2
86.
)
\Hy@SectionHShift=\skip49
) (/usr/local/texlive/2021/texmf-dist/tex/latex/zref/zref-perpage.sty
Package: zref-perpage 2020-07-03 v2.32 Module perpage for zref (HO)

(/usr/local/texlive/2021/texmf-dist/tex/latex/zref/zref-base.sty
Package: zref-base 2020-07-03 v2.32 Module base for zref (HO)
Package zref Info: New property list: main on input line 764.
Package zref Info: New property: default on input line 765.
Package zref Info: New property: page on input line 766.
)
(/usr/local/texlive/2021/texmf-dist/tex/latex/zref/zref-abspage.sty
Package: zref-abspage 2020-07-03 v2.32 Module abspage for zref (HO)
\c@abspage=\count199
Package zref Info: New property: abspage on input line 66.
)
Package zref Info: New property: pagevalue on input line 58.
Package zref Info: New property list: perpage on input line 59.
\c@zpage=\count266
\c@zref@unique=\count267
)
(/usr/local/texlive/2021/texmf-dist/tex/latex/psnfss/pifont.sty
Package: pifont 2020/03/25 PSNFSS-v9.3 Pi font support (SPQR) 
LaTeX Font Info:    Trying to load font information for U+pzd on input line 63.


(/usr/local/texlive/2021/texmf-dist/tex/latex/psnfss/upzd.fd
File: upzd.fd 2001/06/04 font definitions for U/pzd.
)
LaTeX Font Info:    Trying to load font information for U+psy on input line 64.


(/usr/local/texlive/2021/texmf-dist/tex/latex/psnfss/upsy.fd
File: upsy.fd 2001/06/04 font definitions for U/psy.
))
(/usr/local/texlive/2021/texmf-dist/tex/latex/graphics/graphicx.sty
Package: graphicx 2020/09/09 v1.2b Enhanced LaTeX Graphics (DPC,SPQR)

(/usr/local/texlive/2021/texmf-dist/tex/latex/graphics/graphics.sty
Package: graphics 2020/08/30 v1.4c Standard LaTeX Graphics (DPC,SPQR)

(/usr/local/texlive/2021/texmf-dist/tex/latex/graphics/trig.sty
Package: trig 2016/01/03 v1.10 sin cos tan (DPC)
)
(/usr/local/texlive/2021/texmf-dist/tex/latex/graphics-cfg/graphics.cfg
File: graphics.cfg 2016/06/04 v1.11 sample graphics configuration
)
Package graphics Info: Driver file: xetex.def on input line 105.

(/usr/local/texlive/2021/texmf-dist/tex/latex/graphics-def/xetex.def
File: xetex.def 2021/03/18 v5.0k Graphics/color driver for xetex
))
\Gin@req@height=\dimen145
\Gin@req@width=\dimen146
)
(/usr/local/texlive/2021/texmf-dist/tex/latex/l3backend/l3backend-xetex.def
File: l3backend-xetex.def 2021-03-18 L3 backend support: XeTeX

(|extractbb --version)
\c__kernel_sys_dvipdfmx_version_int=\count268
\l__color_backend_stack_int=\count269
\g__color_backend_stack_int=\count270
\g__graphics_track_int=\count271
\l__pdf_internal_box=\box48
\g__pdf_backend_object_int=\count272
\g__pdf_backend_annotation_int=\count273
\g__pdf_backend_link_int=\count274
) (./Manifest_der_Kommunistischen_Partei.aux)
\openout1 = `Manifest_der_Kommunistischen_Partei.aux'.

LaTeX Font Info:    Checking defaults for OML/cmm/m/it on input line 27.
LaTeX Font Info:    ... okay on input line 27.
LaTeX Font Info:    Checking defaults for OMS/cmsy/m/n on input line 27.
LaTeX Font Info:    ... okay on input line 27.
LaTeX Font Info:    Checking defaults for OT1/cmr/m/n on input line 27.
LaTeX Font Info:    ... okay on input line 27.
LaTeX Font Info:    Checking defaults for T1/cmr/m/n on input line 27.
LaTeX Font Info:    ... okay on input line 27.
LaTeX Font Info:    Checking defaults for TS1/cmr/m/n on input line 27.
LaTeX Font Info:    Trying to load font information for TS1+cmr on input line 2
7.

(/usr/local/texlive/2021/texmf-dist/tex/latex/base/ts1cmr.fd
File: ts1cmr.fd 2019/12/16 v2.5j Standard LaTeX font definitions
)
LaTeX Font Info:    ... okay on input line 27.
LaTeX Font Info:    Checking defaults for TU/lmr/m/n on input line 27.
LaTeX Font Info:    ... okay on input line 27.
LaTeX Font Info:    Checking defaults for OMX/cmex/m/n on input line 27.
LaTeX Font Info:    ... okay on input line 27.
LaTeX Font Info:    Checking defaults for U/cmr/m/n on input line 27.
LaTeX Font Info:    ... okay on input line 27.
LaTeX Font Info:    Checking defaults for PD1/pdf/m/n on input line 27.
LaTeX Font Info:    ... okay on input line 27.
LaTeX Font Info:    Checking defaults for PU/pdf/m/n on input line 27.
LaTeX Font Info:    ... okay on input line 27.
Package hyperref Info: Link coloring OFF on input line 27.

(/usr/local/texlive/2021/texmf-dist/tex/latex/hyperref/nameref.sty
Package: nameref 2021-04-02 v2.47 Cross-referencing by name of section

(/usr/local/texlive/2021/texmf-dist/tex/latex/refcount/refcount.sty
Package: refcount 2019/12/15 v3.6 Data extraction from label references (HO)
)
(/usr/local/texlive/2021/texmf-dist/tex/generic/gettitlestring/gettitlestring.s
ty
Package: gettitlestring 2019/12/15 v1.6 Cleanup title references (HO)
)
\c@section@level=\count275
)
LaTeX Info: Redefining \ref on input line 27.
LaTeX Info: Redefining \pageref on input line 27.
LaTeX Info: Redefining \nameref on input line 27.
 (./Manifest_der_Kommunistischen_Partei.out)
(./Manifest_der_Kommunistischen_Partei.out)
\@outlinefile=\write4
\openout4 = `Manifest_der_Kommunistischen_Partei.out'.

LaTeX Font Info:    External font `cmex10' loaded for size
(Font)              <12> on input line 30.
LaTeX Font Info:    External font `cmex10' loaded for size
(Font)              <8> on input line 30.
LaTeX Font Info:    External font `cmex10' loaded for size
(Font)              <6> on input line 30.
 [1

]
(./Manifest_der_Kommunistischen_Partei.toc
LaTeX Font Info:    External font `cmex10' loaded for size
(Font)              <7> on input line 4.
LaTeX Font Info:    External font `cmex10' loaded for size
(Font)              <5> on input line 4.

Overfull \hbox (6.61346pt too wide) in paragraph at lines 10--10
 [] []\TU/lmr/bx/n/10 IV. Stellung der Kommunisten zu den verschiedenen opposit
ionellen 
 []

)
\tf@toc=\write5
\openout5 = `Manifest_der_Kommunistischen_Partei.toc'.

 [2]

LaTeX Warning: Marginpar on page 3 moved.


Overfull \hbox (16.90378pt too wide) in paragraph at lines 49--50
[]\TU/lmr/m/n/10 In den Fußnoten werden die verschiedenen Lesarten
 []

[3]
File: 0111207237-Marx.jpg Graphic file (type bmp)
<0111207237-Marx.jpg>
 [4] [1]

LaTeX Warning: Marginpar on page 2 moved.

LaTeX Font Info:    External font `cmex10' loaded for size
(Font)              <14.4> on input line 78.
\openout3 = `Manifest_der_Kommunistischen_Partei.ent'.


Overfull \hbox (14.463pt too wide) in paragraph at lines 80--81
\TU/lmr/m/n/10 Die Geschichte aller bisherigen Gesellschaft[] ist die Geschicht
e von Klassenkämpfen. 
 []

[2]
Overfull \hbox (4.33003pt too wide) in paragraph at lines 98--99
\TU/lmr/m/n/10 Landkommunikationen eine unermeßliche Entwicklung gegeben. Diese
 hat wieder
 []


Overfull \hbox (11.046pt too wide) in paragraph at lines 102--103
\TU/lmr/m/n/10 entsprechenden politischen Fortschritt[][][][]. Unterdrückter St
and unter der Herrschaft
 []


Overfull \hbox (2.013pt too wide) in paragraph at lines 102--103
\TU/lmr/m/n/10 Kommune[], hier unabhängige städtische Republik[][][][], dort dr
itter steuerpflichtiger
 []


Overfull \hbox (1.08002pt too wide) in paragraph at lines 104--105
[]\TU/lmr/m/n/10 Die Bourgeoisie hat in der Geschichte eine höchst revolutionär
e Rolle gespielt. 
 []

[3] [4]
Overfull \hbox (1.1pt too wide) in paragraph at lines 126--127
[]\TU/lmr/m/n/10 Die Bourgeoisie hat in ihrer kaum hundertjährigen Klassenherrs
chaft massen-
 []


Overfull \hbox (11.51402pt too wide) in paragraph at lines 126--127
\TU/lmr/m/n/10 trische Telegraphen, Urbarmachung ganzer Weltteile, Schiffbarmac
hung der Flüsse,
 []


Overfull \hbox (12.866pt too wide) in paragraph at lines 126--127
\TU/lmr/m/n/10 ganze aus dem Boden hervorgestampfte Bevölkerungen – welches frü
here[][][][] Jahrhun-
 []

[5]
Overfull \hbox (23.47002pt too wide) in paragraph at lines 130--131
[]\TU/lmr/m/n/10 An ihre Stelle trat die freie Konkurrenz mit der ihr angemesse
nen gesellschaftlichen
 []


Overfull \hbox (20.05202pt too wide) in paragraph at lines 132--133
\TU/lmr/m/n/10 die moderne bürgerliche Gesellschaft, die so gewaltige Produktio
ns- und Verkehrsmit-
 []


Overfull \hbox (1.36403pt too wide) in paragraph at lines 132--133
\TU/lmr/m/n/10 tel hervorgezaubert hat, gleicht dem Hexenmeister, der die unter
irdischen Gewal-
 []

[6] [7]
Overfull \hbox (3.16403pt too wide) in paragraph at lines 154--155
\TU/lmr/m/n/10 tümer, die nichtindustriellen Bourgeois, die Kleinbürger. Die ga
nze geschichtliche
 []

[8] [9]
Overfull \hbox (29.18004pt too wide) in paragraph at lines 176--177
\TU/lmr/m/n/10 dingungen ihres Erwerbs unterwarfen. Die Proletarier können sich
 die gesellschaftlichen
 []

[10] [11]
Overfull \hbox (0.65001pt too wide) in paragraph at lines 198--199
[]\TU/lmr/m/n/10 Die Kommunisten unterscheiden sich von den übrigen proletarisc
hen Parteien
 []


Overfull \hbox (12.20201pt too wide) in paragraph at lines 200--201
[]\TU/lmr/m/n/10 Die Kommunisten sind also praktisch der entschiedenste, immer 
weitertreibende
 []

[12]
Overfull \hbox (18.67401pt too wide) in paragraph at lines 226--227
[]\TU/lmr/m/n/10 Kapitalist sein, heißt nicht nur eine rein persönliche, sonder
n eine gesellschaftliche
 []


Overfull \hbox (10.79pt too wide) in paragraph at lines 226--227
\TU/lmr/m/n/10 letzter Instanz nur durch die gemeinsame Tätigkeit aller Mitglie
der der Gesellschaft
 []


Overfull \hbox (6.80202pt too wide) in paragraph at lines 230--231
[]\TU/lmr/m/n/10 Wenn also das Kapital in gemeinschaftliches, allen Mitgliedern
 der Gesellschaft
 []

[13]
Overfull \hbox (2.92201pt too wide) in paragraph at lines 244--245
\TU/lmr/m/n/10 haben überhaupt nur einen Sinn gegenüber dem gebundenen Schacher
, gegenüber
 []

[14] [15]
Overfull \hbox (7.442pt too wide) in paragraph at lines 284--285
\TU/lmr/m/n/10 hört, daß die Produktionsinstrumente gemeinschaftlich ausgebeute
t werden sollen,
 []

[16]
Overfull \hbox (15.92401pt too wide) in paragraph at lines 308--309
\TU/lmr/m/n/10 der Menschen, mit ihren gesellschaftlichen Beziehungen, mit ihre
m gesellschaftlichen
 []

[17]
Overfull \hbox (5.33202pt too wide) in paragraph at lines 328--329
\TU/lmr/m/n/10 hebung des Proletariats zur herrschenden Klasse, die Erkämpfung 
der Demokratie
 []

[18] [19] [20] [21]
Overfull \hbox (6.17204pt too wide) in paragraph at lines 408--409
\TU/lmr/m/n/10 gierig dieser Literatur und vergaßen nur, daß bei der Einwanderu
ng jener Schriften
 []


Overfull \hbox (13.96002pt too wide) in paragraph at lines 408--409
\TU/lmr/m/n/10 aus Frankreich die französischen Lebensverhältnisse nicht gleich
zeitig nach Deutsch-
 []


Overfull \hbox (4.26202pt too wide) in paragraph at lines 416--417
\TU/lmr/m/n/10 „deutsche Wissenschaft des Sozialismus“, „philosophische Begründ
ung des Sozial-
 []

[22]
Overfull \hbox (2.88002pt too wide) in paragraph at lines 424--425
\TU/lmr/m/n/10 bürgerliche Freiheit und Gleichheit zu schleudern und der Volksm
asse vorzupredi-
 []


Overfull \hbox (35.53001pt too wide) in paragraph at lines 428--429
[]\TU/lmr/m/n/10 Er bildete die süßliche Ergänzung zu den bitteren Peitschenhie
ben und Flintenkugeln,
 []


Overfull \hbox (3.83002pt too wide) in paragraph at lines 430--431
[]\TU/lmr/m/n/10 Ward der „wahre“ Sozialismus dergestalt eine Waffe in der Hand
 der Regierun-
 []

[23]
Overfull \hbox (0.76402pt too wide) in paragraph at lines 434--435
[]\TU/lmr/m/n/10 Das Gewand, gewirkt aus spekulativem Spinnweb, überstickt mit 
schöngeisti-
 []


Overfull \hbox (18.78403pt too wide) in paragraph at lines 434--435
\TU/lmr/m/n/10 gen Redeblumen, durchtränkt von liebesschwülem Gemütstau, dies ü
berschwengliche
 []


Overfull \hbox (15.01201pt too wide) in paragraph at lines 434--435
\TU/lmr/m/n/10 Gewand, worin die deutschen Sozialisten ihre paar knöchernen „ew
igen Wahrheiten“
 []


Overfull \hbox (5.16pt too wide) in paragraph at lines 438--439
[]\TU/lmr/m/n/10 Er proklamierte die deutsche Nation als die normale Nation und
 den deutschen
 []


Overfull \hbox (0.98401pt too wide) in paragraph at lines 444--445
\TU/lmr/m/n/10 Tierquälerei, Mäßigkeitsvereinsstifter, Winkelreformer der bunts
checkigsten Art.
 []

[24] [25]
Overfull \hbox (6.20203pt too wide) in paragraph at lines 474--475
\TU/lmr/m/n/10 gestellten, verbessern. Sie appellieren daher fortwährend an die
 ganze Gesellschaft
 []

[26] [27]
Overfull \hbox (13.42201pt too wide) in paragraph at lines 500--501
\TU/lmr/m/n/10 tariat herauszuarbeiten, damit die deutschen Arbeiter sogleich d
ie gesellschaftlichen
 []

[28] (./Manifest_der_Kommunistischen_Partei.ent
Overfull \hbox (15.039pt too wide) in paragraph at lines 56--217
[][]\TU/lmr/m/n/8 Das heißt, genau gesprochen, die \TU/lmr/m/it/8 schriftlich \
TU/lmr/m/n/8 überlieferte Geschichte. 1847 war die Vorgeschichte
 []

[29]
Overfull \hbox (1.92802pt too wide) in paragraph at lines 637--708
\TU/lmr/m/n/8 Home-Kolonien (Kolonien im Inland) nennt Owen seine kommunistisch
en Mustergesellschaften.
 []

) [30] (./Manifest_der_Kommunistischen_Partei.aux)
Package rerunfilecheck Info: File `Manifest_der_Kommunistischen_Partei.out' has
 not changed.
(rerunfilecheck)             Checksum: FFF9832FE0E5BBB6D999A34DA87B4BB7;2770.
 ) 
Here is how much of TeX's memory you used:
 8098 strings out of 476919
 123478 string characters out of 5821840
 439998 words of memory out of 5000000
 27969 multiletter control sequences out of 15000+600000
 408961 words of font info for 58 fonts, out of 8000000 for 9000
 1348 hyphenation exceptions out of 8191
 71i,8n,77p,2569b,421s stack positions out of 5000i,500n,10000p,200000b,80000s

Output written on Manifest_der_Kommunistischen_Partei.pdf (34 pages).
